<?xml version="1.0" encoding="UTF-8"?>
<testng-results ignored="0" total="15" passed="13" failed="2" skipped="0">
  <reporter-output>
  </reporter-output>
  <suite started-at="2023-06-26T00:25:48 MYT" name="Suite" finished-at="2023-06-26T00:28:41 MYT" duration-ms="173287">
    <groups>
    </groups>
    <test started-at="2023-06-26T00:25:48 MYT" name="Test" finished-at="2023-06-26T00:28:41 MYT" duration-ms="173287">
      <class name="testcases.TC015_Search_All_Input_Values">
        <test-method is-config="true" signature="setup()[pri:0, instance:testcases.TC015_Search_All_Input_Values@3857f613]" started-at="2023-06-26T00:28:21 MYT" name="setup" finished-at="2023-06-26T00:28:28 MYT" duration-ms="6150" status="PASS">
          <reporter-output>
          </reporter-output>
        </test-method> <!-- setup -->
        <test-method signature="searchWith_Empty_Destination_CheckIn_CheckOut()[pri:0, instance:testcases.TC015_Search_All_Input_Values@3857f613]" started-at="2023-06-26T00:28:28 MYT" name="searchWith_Empty_Destination_CheckIn_CheckOut" finished-at="2023-06-26T00:28:41 MYT" duration-ms="13562" status="PASS">
          <reporter-output>
          </reporter-output>
        </test-method> <!-- searchWith_Empty_Destination_CheckIn_CheckOut -->
        <test-method is-config="true" signature="tearDown()[pri:0, instance:testcases.TC015_Search_All_Input_Values@3857f613]" started-at="2023-06-26T00:28:41 MYT" name="tearDown" finished-at="2023-06-26T00:28:41 MYT" duration-ms="255" status="PASS">
          <reporter-output>
          </reporter-output>
        </test-method> <!-- tearDown -->
      </class> <!-- testcases.TC015_Search_All_Input_Values -->
      <class name="testcases.TC005_CheckIn_CheckOut_ValidDays">
        <test-method is-config="true" signature="setup()[pri:0, instance:testcases.TC005_CheckIn_CheckOut_ValidDays@3cd3e762]" started-at="2023-06-26T00:26:24 MYT" name="setup" finished-at="2023-06-26T00:26:30 MYT" duration-ms="6482" status="PASS">
          <reporter-output>
          </reporter-output>
        </test-method> <!-- setup -->
        <test-method signature="checkInCheckOutValidDays()[pri:0, instance:testcases.TC005_CheckIn_CheckOut_ValidDays@3cd3e762]" started-at="2023-06-26T00:26:30 MYT" name="checkInCheckOutValidDays" finished-at="2023-06-26T00:26:33 MYT" duration-ms="3253" status="PASS">
          <reporter-output>
          </reporter-output>
        </test-method> <!-- checkInCheckOutValidDays -->
        <test-method is-config="true" signature="tearDown()[pri:0, instance:testcases.TC005_CheckIn_CheckOut_ValidDays@3cd3e762]" started-at="2023-06-26T00:26:33 MYT" name="tearDown" finished-at="2023-06-26T00:26:34 MYT" duration-ms="236" status="PASS">
          <reporter-output>
          </reporter-output>
        </test-method> <!-- tearDown -->
      </class> <!-- testcases.TC005_CheckIn_CheckOut_ValidDays -->
      <class name="testcases.TC004_CheckIn_PastDays">
        <test-method is-config="true" signature="setup()[pri:0, instance:testcases.TC004_CheckIn_PastDays@3b0090a4]" started-at="2023-06-26T00:26:14 MYT" name="setup" finished-at="2023-06-26T00:26:21 MYT" duration-ms="6972" status="PASS">
          <reporter-output>
          </reporter-output>
        </test-method> <!-- setup -->
        <test-method signature="checkInPastDays()[pri:0, instance:testcases.TC004_CheckIn_PastDays@3b0090a4]" started-at="2023-06-26T00:26:21 MYT" name="checkInPastDays" finished-at="2023-06-26T00:26:23 MYT" duration-ms="2431" status="PASS">
          <reporter-output>
          </reporter-output>
        </test-method> <!-- checkInPastDays -->
        <test-method is-config="true" signature="tearDown()[pri:0, instance:testcases.TC004_CheckIn_PastDays@3b0090a4]" started-at="2023-06-26T00:26:23 MYT" name="tearDown" finished-at="2023-06-26T00:26:24 MYT" duration-ms="231" status="PASS">
          <reporter-output>
          </reporter-output>
        </test-method> <!-- tearDown -->
      </class> <!-- testcases.TC004_CheckIn_PastDays -->
      <class name="testcases.TC011_GuestsAndRooms_Add_Delete_Rooms">
        <test-method is-config="true" signature="setup()[pri:0, instance:testcases.TC011_GuestsAndRooms_Add_Delete_Rooms@6ed3ccb2]" started-at="2023-06-26T00:27:37 MYT" name="setup" finished-at="2023-06-26T00:27:43 MYT" duration-ms="6317" status="PASS">
          <reporter-output>
          </reporter-output>
        </test-method> <!-- setup -->
        <test-method signature="addDeleteGuestsAndRooms()[pri:0, instance:testcases.TC011_GuestsAndRooms_Add_Delete_Rooms@6ed3ccb2]" started-at="2023-06-26T00:27:43 MYT" name="addDeleteGuestsAndRooms" finished-at="2023-06-26T00:27:48 MYT" duration-ms="5049" status="PASS">
          <reporter-output>
          </reporter-output>
        </test-method> <!-- addDeleteGuestsAndRooms -->
        <test-method is-config="true" signature="tearDown()[pri:0, instance:testcases.TC011_GuestsAndRooms_Add_Delete_Rooms@6ed3ccb2]" started-at="2023-06-26T00:27:48 MYT" name="tearDown" finished-at="2023-06-26T00:27:49 MYT" duration-ms="233" status="PASS">
          <reporter-output>
          </reporter-output>
        </test-method> <!-- tearDown -->
      </class> <!-- testcases.TC011_GuestsAndRooms_Add_Delete_Rooms -->
      <class name="testcases.TC006_CheckIn_CheckOut_SameDay">
        <test-method is-config="true" signature="setup()[pri:0, instance:testcases.TC006_CheckIn_CheckOut_SameDay@1fa121e2]" started-at="2023-06-26T00:26:34 MYT" name="setup" finished-at="2023-06-26T00:26:40 MYT" duration-ms="5944" status="PASS">
          <reporter-output>
          </reporter-output>
        </test-method> <!-- setup -->
        <test-method signature="checkInCheckOutSameDay()[pri:0, instance:testcases.TC006_CheckIn_CheckOut_SameDay@1fa121e2]" started-at="2023-06-26T00:26:40 MYT" name="checkInCheckOutSameDay" finished-at="2023-06-26T00:26:43 MYT" duration-ms="3618" status="PASS">
          <reporter-output>
          </reporter-output>
        </test-method> <!-- checkInCheckOutSameDay -->
        <test-method is-config="true" signature="tearDown()[pri:0, instance:testcases.TC006_CheckIn_CheckOut_SameDay@1fa121e2]" started-at="2023-06-26T00:26:43 MYT" name="tearDown" finished-at="2023-06-26T00:26:43 MYT" duration-ms="207" status="PASS">
          <reporter-output>
          </reporter-output>
        </test-method> <!-- tearDown -->
      </class> <!-- testcases.TC006_CheckIn_CheckOut_SameDay -->
      <class name="testcases.TC010_GuestsAndRooms_Minimum_1_Adult_1_Room">
        <test-method is-config="true" signature="setup()[pri:0, instance:testcases.TC010_GuestsAndRooms_Minimum_1_Adult_1_Room@74e52ef6]" started-at="2023-06-26T00:27:28 MYT" name="setup" finished-at="2023-06-26T00:27:33 MYT" duration-ms="5156" status="PASS">
          <reporter-output>
          </reporter-output>
        </test-method> <!-- setup -->
        <test-method signature="guestsAndRoomsMin1Adult1Room()[pri:0, instance:testcases.TC010_GuestsAndRooms_Minimum_1_Adult_1_Room@74e52ef6]" started-at="2023-06-26T00:27:33 MYT" name="guestsAndRoomsMin1Adult1Room" finished-at="2023-06-26T00:27:37 MYT" duration-ms="3481" status="FAIL">
          <exception class="java.lang.AssertionError">
            <message>
              <![CDATA[expected [1] but found [2]]]>
            </message>
            <full-stacktrace>
              <![CDATA[java.lang.AssertionError: expected [1] but found [2]
at org.testng.Assert.fail(Assert.java:111)
at org.testng.Assert.failNotEquals(Assert.java:1578)
at org.testng.Assert.assertEqualsImpl(Assert.java:150)
at org.testng.Assert.assertEquals(Assert.java:132)
at org.testng.Assert.assertEquals(Assert.java:1419)
at org.testng.Assert.assertEquals(Assert.java:1383)
at org.testng.Assert.assertEquals(Assert.java:1429)
at testcases.TC010_GuestsAndRooms_Minimum_1_Adult_1_Room.guestsAndRoomsMin1Adult1Room(TC010_GuestsAndRooms_Minimum_1_Adult_1_Room.java:42)
at java.base/jdk.internal.reflect.NativeMethodAccessorImpl.invoke0(Native Method)
at java.base/jdk.internal.reflect.NativeMethodAccessorImpl.invoke(NativeMethodAccessorImpl.java:77)
at java.base/jdk.internal.reflect.DelegatingMethodAccessorImpl.invoke(DelegatingMethodAccessorImpl.java:43)
at java.base/java.lang.reflect.Method.invoke(Method.java:568)
at org.testng.internal.invokers.MethodInvocationHelper.invokeMethod(MethodInvocationHelper.java:139)
at org.testng.internal.invokers.TestInvoker.invokeMethod(TestInvoker.java:664)
at org.testng.internal.invokers.TestInvoker.invokeTestMethod(TestInvoker.java:227)
at org.testng.internal.invokers.MethodRunner.runInSequence(MethodRunner.java:50)
at org.testng.internal.invokers.TestInvoker$MethodInvocationAgent.invoke(TestInvoker.java:957)
at org.testng.internal.invokers.TestInvoker.invokeTestMethods(TestInvoker.java:200)
at org.testng.internal.invokers.TestMethodWorker.invokeTestMethods(TestMethodWorker.java:148)
at org.testng.internal.invokers.TestMethodWorker.run(TestMethodWorker.java:128)
at java.base/java.util.ArrayList.forEach(ArrayList.java:1511)
at org.testng.TestRunner.privateRun(TestRunner.java:848)
at org.testng.TestRunner.run(TestRunner.java:621)
at org.testng.SuiteRunner.runTest(SuiteRunner.java:443)
at org.testng.SuiteRunner$SuiteWorker.run(SuiteRunner.java:481)
at org.testng.internal.thread.ThreadUtil.lambda$execute$0(ThreadUtil.java:58)
at java.base/java.util.concurrent.FutureTask.run(FutureTask.java:264)
at java.base/java.util.concurrent.ThreadPoolExecutor.runWorker(ThreadPoolExecutor.java:1136)
at java.base/java.util.concurrent.ThreadPoolExecutor$Worker.run(ThreadPoolExecutor.java:635)
at java.base/java.lang.Thread.run(Thread.java:833)
]]>
            </full-stacktrace>
          </exception> <!-- java.lang.AssertionError -->
          <reporter-output>
          </reporter-output>
        </test-method> <!-- guestsAndRoomsMin1Adult1Room -->
        <test-method is-config="true" signature="tearDown()[pri:0, instance:testcases.TC010_GuestsAndRooms_Minimum_1_Adult_1_Room@74e52ef6]" started-at="2023-06-26T00:27:37 MYT" name="tearDown" finished-at="2023-06-26T00:27:37 MYT" duration-ms="267" status="PASS">
          <reporter-output>
          </reporter-output>
        </test-method> <!-- tearDown -->
      </class> <!-- testcases.TC010_GuestsAndRooms_Minimum_1_Adult_1_Room -->
      <class name="testcases.TC001_Hotels_Navigate_To_Hotel_Search">
        <test-method is-config="true" signature="setup()[pri:0, instance:testcases.TC001_Hotels_Navigate_To_Hotel_Search@206a70ef]" started-at="2023-06-26T00:25:48 MYT" name="setup" finished-at="2023-06-26T00:25:55 MYT" duration-ms="6739" status="PASS">
          <reporter-output>
          </reporter-output>
        </test-method> <!-- setup -->
        <test-method signature="navigateToHotelSearch()[pri:0, instance:testcases.TC001_Hotels_Navigate_To_Hotel_Search@206a70ef]" started-at="2023-06-26T00:25:55 MYT" name="navigateToHotelSearch" finished-at="2023-06-26T00:25:56 MYT" duration-ms="800" status="PASS">
          <reporter-output>
          </reporter-output>
        </test-method> <!-- navigateToHotelSearch -->
        <test-method is-config="true" signature="tearDown()[pri:0, instance:testcases.TC001_Hotels_Navigate_To_Hotel_Search@206a70ef]" started-at="2023-06-26T00:25:56 MYT" name="tearDown" finished-at="2023-06-26T00:25:56 MYT" duration-ms="234" status="PASS">
          <reporter-output>
          </reporter-output>
        </test-method> <!-- tearDown -->
      </class> <!-- testcases.TC001_Hotels_Navigate_To_Hotel_Search -->
      <class name="testcases.TC014_Search_ComparisonWithOutOtherWebsites2">
        <test-method is-config="true" signature="setup()[pri:0, instance:testcases.TC014_Search_ComparisonWithOutOtherWebsites2@489115ef]" started-at="2023-06-26T00:28:11 MYT" name="setup" finished-at="2023-06-26T00:28:17 MYT" duration-ms="6052" status="PASS">
          <reporter-output>
          </reporter-output>
        </test-method> <!-- setup -->
        <test-method signature="login()[pri:0, instance:testcases.TC014_Search_ComparisonWithOutOtherWebsites2@489115ef]" started-at="2023-06-26T00:28:17 MYT" name="login" finished-at="2023-06-26T00:28:21 MYT" duration-ms="4252" status="PASS">
          <reporter-output>
          </reporter-output>
        </test-method> <!-- login -->
        <test-method is-config="true" signature="tearDown()[pri:0, instance:testcases.TC014_Search_ComparisonWithOutOtherWebsites2@489115ef]" started-at="2023-06-26T00:28:21 MYT" name="tearDown" finished-at="2023-06-26T00:28:21 MYT" duration-ms="236" status="PASS">
          <reporter-output>
          </reporter-output>
        </test-method> <!-- tearDown -->
      </class> <!-- testcases.TC014_Search_ComparisonWithOutOtherWebsites2 -->
      <class name="testcases.TC013_Search_ComparisonWithOtherWebsites">
        <test-method is-config="true" signature="setup()[pri:0, instance:testcases.TC013_Search_ComparisonWithOtherWebsites@15de0b3c]" started-at="2023-06-26T00:27:59 MYT" name="setup" finished-at="2023-06-26T00:28:06 MYT" duration-ms="7097" status="PASS">
          <reporter-output>
          </reporter-output>
        </test-method> <!-- setup -->
        <test-method signature="login()[pri:0, instance:testcases.TC013_Search_ComparisonWithOtherWebsites@15de0b3c]" started-at="2023-06-26T00:28:06 MYT" name="login" finished-at="2023-06-26T00:28:11 MYT" duration-ms="4685" status="FAIL">
          <exception class="org.openqa.selenium.WebDriverException">
            <message>
              <![CDATA[unknown error: cannot determine loading status
from no such window
  (Session info: chrome=114.0.5735.134)
Build info: version: '4.9.0', revision: 'd7057100a6'
System info: os.name: 'Windows 11', os.arch: 'amd64', os.version: '10.0', java.version: '17.0.6'
Driver info: org.openqa.selenium.chrome.ChromeDriver
Command: [34e56427448e9e30113ccb1d32c53b0b, clickElement {id=DABAB7B31EC2017619E359E4AFB72FC4_element_141}]
Capabilities {acceptInsecureCerts: false, browserName: chrome, browserVersion: 114.0.5735.134, chrome: {chromedriverVersion: 114.0.5735.90 (386bc09e8f4f..., userDataDir: C:\Users\steph\AppData\Loca...}, goog:chromeOptions: {debuggerAddress: localhost:63092}, networkConnectionEnabled: false, pageLoadStrategy: normal, platformName: WINDOWS, proxy: Proxy(), se:cdp: ws://localhost:63092/devtoo..., se:cdpVersion: 114.0.5735.134, setWindowRect: true, strictFileInteractability: false, timeouts: {implicit: 0, pageLoad: 300000, script: 30000}, unhandledPromptBehavior: dismiss and notify, webauthn:extension:credBlob: true, webauthn:extension:largeBlob: true, webauthn:extension:minPinLength: true, webauthn:extension:prf: true, webauthn:virtualAuthenticators: true}
Element: [[ChromeDriver: chrome on WINDOWS (34e56427448e9e30113ccb1d32c53b0b)] -> xpath: //button[@type='submit']]
Session ID: 34e56427448e9e30113ccb1d32c53b0b]]>
            </message>
            <full-stacktrace>
              <![CDATA[org.openqa.selenium.WebDriverException: unknown error: cannot determine loading status
from no such window
  (Session info: chrome=114.0.5735.134)
Build info: version: '4.9.0', revision: 'd7057100a6'
System info: os.name: 'Windows 11', os.arch: 'amd64', os.version: '10.0', java.version: '17.0.6'
Driver info: org.openqa.selenium.chrome.ChromeDriver
Command: [34e56427448e9e30113ccb1d32c53b0b, clickElement {id=DABAB7B31EC2017619E359E4AFB72FC4_element_141}]
Capabilities {acceptInsecureCerts: false, browserName: chrome, browserVersion: 114.0.5735.134, chrome: {chromedriverVersion: 114.0.5735.90 (386bc09e8f4f..., userDataDir: C:\Users\steph\AppData\Loca...}, goog:chromeOptions: {debuggerAddress: localhost:63092}, networkConnectionEnabled: false, pageLoadStrategy: normal, platformName: WINDOWS, proxy: Proxy(), se:cdp: ws://localhost:63092/devtoo..., se:cdpVersion: 114.0.5735.134, setWindowRect: true, strictFileInteractability: false, timeouts: {implicit: 0, pageLoad: 300000, script: 30000}, unhandledPromptBehavior: dismiss and notify, webauthn:extension:credBlob: true, webauthn:extension:largeBlob: true, webauthn:extension:minPinLength: true, webauthn:extension:prf: true, webauthn:virtualAuthenticators: true}
Element: [[ChromeDriver: chrome on WINDOWS (34e56427448e9e30113ccb1d32c53b0b)] -> xpath: //button[@type='submit']]
Session ID: 34e56427448e9e30113ccb1d32c53b0b
at java.base/jdk.internal.reflect.NativeConstructorAccessorImpl.newInstance0(Native Method)
at java.base/jdk.internal.reflect.NativeConstructorAccessorImpl.newInstance(NativeConstructorAccessorImpl.java:77)
at java.base/jdk.internal.reflect.DelegatingConstructorAccessorImpl.newInstance(DelegatingConstructorAccessorImpl.java:45)
at java.base/java.lang.reflect.Constructor.newInstanceWithCaller(Constructor.java:499)
at java.base/java.lang.reflect.Constructor.newInstance(Constructor.java:480)
at org.openqa.selenium.remote.codec.w3c.W3CHttpResponseCodec.createException(W3CHttpResponseCodec.java:200)
at org.openqa.selenium.remote.codec.w3c.W3CHttpResponseCodec.decode(W3CHttpResponseCodec.java:133)
at org.openqa.selenium.remote.codec.w3c.W3CHttpResponseCodec.decode(W3CHttpResponseCodec.java:53)
at org.openqa.selenium.remote.HttpCommandExecutor.execute(HttpCommandExecutor.java:193)
at org.openqa.selenium.remote.service.DriverCommandExecutor.invokeExecute(DriverCommandExecutor.java:183)
at org.openqa.selenium.remote.service.DriverCommandExecutor.execute(DriverCommandExecutor.java:158)
at org.openqa.selenium.remote.RemoteWebDriver.execute(RemoteWebDriver.java:543)
at org.openqa.selenium.remote.RemoteWebElement.execute(RemoteWebElement.java:257)
at org.openqa.selenium.remote.RemoteWebElement.click(RemoteWebElement.java:78)
at jdk.internal.reflect.GeneratedMethodAccessor1.invoke(Unknown Source)
at java.base/jdk.internal.reflect.DelegatingMethodAccessorImpl.invoke(DelegatingMethodAccessorImpl.java:43)
at java.base/java.lang.reflect.Method.invoke(Method.java:568)
at org.openqa.selenium.support.pagefactory.internal.LocatingElementHandler.invoke(LocatingElementHandler.java:52)
at jdk.proxy2/jdk.proxy2.$Proxy19.click(Unknown Source)
at pages.HotelSearchPage.search(HotelSearchPage.java:323)
at testcases.TC013_Search_ComparisonWithOtherWebsites.login(TC013_Search_ComparisonWithOtherWebsites.java:45)
at java.base/jdk.internal.reflect.NativeMethodAccessorImpl.invoke0(Native Method)
at java.base/jdk.internal.reflect.NativeMethodAccessorImpl.invoke(NativeMethodAccessorImpl.java:77)
at java.base/jdk.internal.reflect.DelegatingMethodAccessorImpl.invoke(DelegatingMethodAccessorImpl.java:43)
at java.base/java.lang.reflect.Method.invoke(Method.java:568)
at org.testng.internal.invokers.MethodInvocationHelper.invokeMethod(MethodInvocationHelper.java:139)
at org.testng.internal.invokers.TestInvoker.invokeMethod(TestInvoker.java:664)
at org.testng.internal.invokers.TestInvoker.invokeTestMethod(TestInvoker.java:227)
at org.testng.internal.invokers.MethodRunner.runInSequence(MethodRunner.java:50)
at org.testng.internal.invokers.TestInvoker$MethodInvocationAgent.invoke(TestInvoker.java:957)
at org.testng.internal.invokers.TestInvoker.invokeTestMethods(TestInvoker.java:200)
at org.testng.internal.invokers.TestMethodWorker.invokeTestMethods(TestMethodWorker.java:148)
at org.testng.internal.invokers.TestMethodWorker.run(TestMethodWorker.java:128)
at java.base/java.util.ArrayList.forEach(ArrayList.java:1511)
at org.testng.TestRunner.privateRun(TestRunner.java:848)
at org.testng.TestRunner.run(TestRunner.java:621)
at org.testng.SuiteRunner.runTest(SuiteRunner.java:443)
at org.testng.SuiteRunner$SuiteWorker.run(SuiteRunner.java:481)
at org.testng.internal.thread.ThreadUtil.lambda$execute$0(ThreadUtil.java:58)
at java.base/java.util.concurrent.FutureTask.run(FutureTask.java:264)
at java.base/java.util.concurrent.ThreadPoolExecutor.runWorker(ThreadPoolExecutor.java:1136)
at java.base/java.util.concurrent.ThreadPoolExecutor$Worker.run(ThreadPoolExecutor.java:635)
at java.base/java.lang.Thread.run(Thread.java:833)
]]>
            </full-stacktrace>
          </exception> <!-- org.openqa.selenium.WebDriverException -->
          <reporter-output>
          </reporter-output>
        </test-method> <!-- login -->
        <test-method is-config="true" signature="tearDown()[pri:0, instance:testcases.TC013_Search_ComparisonWithOtherWebsites@15de0b3c]" started-at="2023-06-26T00:28:11 MYT" name="tearDown" finished-at="2023-06-26T00:28:11 MYT" duration-ms="292" status="PASS">
          <reporter-output>
          </reporter-output>
        </test-method> <!-- tearDown -->
      </class> <!-- testcases.TC013_Search_ComparisonWithOtherWebsites -->
      <class name="testcases.TC012_Search_WithFreeCancellation">
        <test-method is-config="true" signature="setup()[pri:0, instance:testcases.TC012_Search_WithFreeCancellation@1a677343]" started-at="2023-06-26T00:27:49 MYT" name="setup" finished-at="2023-06-26T00:27:55 MYT" duration-ms="6004" status="PASS">
          <reporter-output>
          </reporter-output>
        </test-method> <!-- setup -->
        <test-method signature="login()[pri:0, instance:testcases.TC012_Search_WithFreeCancellation@1a677343]" started-at="2023-06-26T00:27:55 MYT" name="login" finished-at="2023-06-26T00:27:59 MYT" duration-ms="4060" status="PASS">
          <reporter-output>
          </reporter-output>
        </test-method> <!-- login -->
        <test-method is-config="true" signature="tearDown()[pri:0, instance:testcases.TC012_Search_WithFreeCancellation@1a677343]" started-at="2023-06-26T00:27:59 MYT" name="tearDown" finished-at="2023-06-26T00:27:59 MYT" duration-ms="241" status="PASS">
          <reporter-output>
          </reporter-output>
        </test-method> <!-- tearDown -->
      </class> <!-- testcases.TC012_Search_WithFreeCancellation -->
      <class name="testcases.TC007_CheckOut_LessThan_CheckIn_Date">
        <test-method is-config="true" signature="setup()[pri:0, instance:testcases.TC007_CheckOut_LessThan_CheckIn_Date@7eac9008]" started-at="2023-06-26T00:26:43 MYT" name="setup" finished-at="2023-06-26T00:26:50 MYT" duration-ms="6598" status="PASS">
          <reporter-output>
          </reporter-output>
        </test-method> <!-- setup -->
        <test-method signature="checkOutLessThanCheckIn()[pri:0, instance:testcases.TC007_CheckOut_LessThan_CheckIn_Date@7eac9008]" started-at="2023-06-26T00:26:50 MYT" name="checkOutLessThanCheckIn" finished-at="2023-06-26T00:26:53 MYT" duration-ms="2875" status="PASS">
          <reporter-output>
          </reporter-output>
        </test-method> <!-- checkOutLessThanCheckIn -->
        <test-method is-config="true" signature="tearDown()[pri:0, instance:testcases.TC007_CheckOut_LessThan_CheckIn_Date@7eac9008]" started-at="2023-06-26T00:26:53 MYT" name="tearDown" finished-at="2023-06-26T00:26:53 MYT" duration-ms="198" status="PASS">
          <reporter-output>
          </reporter-output>
        </test-method> <!-- tearDown -->
      </class> <!-- testcases.TC007_CheckOut_LessThan_CheckIn_Date -->
      <class name="testcases.TC003_Destination_WithPopularCity">
        <test-method is-config="true" signature="setup()[pri:0, instance:testcases.TC003_Destination_WithPopularCity@179ece50]" started-at="2023-06-26T00:26:06 MYT" name="setup" finished-at="2023-06-26T00:26:12 MYT" duration-ms="6409" status="PASS">
          <reporter-output>
          </reporter-output>
        </test-method> <!-- setup -->
        <test-method signature="destinationWithPopularCity()[pri:0, instance:testcases.TC003_Destination_WithPopularCity@179ece50]" started-at="2023-06-26T00:26:12 MYT" name="destinationWithPopularCity" finished-at="2023-06-26T00:26:14 MYT" duration-ms="1417" status="PASS">
          <reporter-output>
          </reporter-output>
        </test-method> <!-- destinationWithPopularCity -->
        <test-method is-config="true" signature="tearDown()[pri:0, instance:testcases.TC003_Destination_WithPopularCity@179ece50]" started-at="2023-06-26T00:26:14 MYT" name="tearDown" finished-at="2023-06-26T00:26:14 MYT" duration-ms="174" status="PASS">
          <reporter-output>
          </reporter-output>
        </test-method> <!-- tearDown -->
      </class> <!-- testcases.TC003_Destination_WithPopularCity -->
      <class name="testcases.TC009_GuestsAndRooms_Max40Guests_Max10Rooms">
        <test-method is-config="true" signature="setup()[pri:0, instance:testcases.TC009_GuestsAndRooms_Max40Guests_Max10Rooms@62ddbd7e]" started-at="2023-06-26T00:27:08 MYT" name="setup" finished-at="2023-06-26T00:27:15 MYT" duration-ms="7145" status="PASS">
          <reporter-output>
          </reporter-output>
        </test-method> <!-- setup -->
        <test-method signature="guestsAndRoomsMax40Guests10Rooms()[pri:0, instance:testcases.TC009_GuestsAndRooms_Max40Guests_Max10Rooms@62ddbd7e]" started-at="2023-06-26T00:27:15 MYT" name="guestsAndRoomsMax40Guests10Rooms" finished-at="2023-06-26T00:27:28 MYT" duration-ms="12658" status="PASS">
          <reporter-output>
          </reporter-output>
        </test-method> <!-- guestsAndRoomsMax40Guests10Rooms -->
        <test-method is-config="true" signature="tearDown()[pri:0, instance:testcases.TC009_GuestsAndRooms_Max40Guests_Max10Rooms@62ddbd7e]" started-at="2023-06-26T00:27:28 MYT" name="tearDown" finished-at="2023-06-26T00:27:28 MYT" duration-ms="189" status="PASS">
          <reporter-output>
          </reporter-output>
        </test-method> <!-- tearDown -->
      </class> <!-- testcases.TC009_GuestsAndRooms_Max40Guests_Max10Rooms -->
      <class name="testcases.TC008_GuestAndRooms_Max40Guests_5Room">
        <test-method is-config="true" signature="setup()[pri:0, instance:testcases.TC008_GuestAndRooms_Max40Guests_5Room@4116aac9]" started-at="2023-06-26T00:26:53 MYT" name="setup" finished-at="2023-06-26T00:26:59 MYT" duration-ms="5721" status="PASS">
          <reporter-output>
          </reporter-output>
        </test-method> <!-- setup -->
        <test-method signature="guestsAndRoomsMax40Guests5Rooms()[pri:0, instance:testcases.TC008_GuestAndRooms_Max40Guests_5Room@4116aac9]" started-at="2023-06-26T00:26:59 MYT" name="guestsAndRoomsMax40Guests5Rooms" finished-at="2023-06-26T00:27:08 MYT" duration-ms="9057" status="PASS">
          <reporter-output>
          </reporter-output>
        </test-method> <!-- guestsAndRoomsMax40Guests5Rooms -->
        <test-method is-config="true" signature="tearDown()[pri:0, instance:testcases.TC008_GuestAndRooms_Max40Guests_5Room@4116aac9]" started-at="2023-06-26T00:27:08 MYT" name="tearDown" finished-at="2023-06-26T00:27:08 MYT" duration-ms="220" status="PASS">
          <reporter-output>
          </reporter-output>
        </test-method> <!-- tearDown -->
      </class> <!-- testcases.TC008_GuestAndRooms_Max40Guests_5Room -->
      <class name="testcases.TC002_Destination_WithSpecificCity">
        <test-method is-config="true" signature="setup()[pri:0, instance:testcases.TC002_Destination_WithSpecificCity@9d5509a]" started-at="2023-06-26T00:25:56 MYT" name="setup" finished-at="2023-06-26T00:26:03 MYT" duration-ms="6892" status="PASS">
          <reporter-output>
          </reporter-output>
        </test-method> <!-- setup -->
        <test-method signature="destinationWithSpecificCity()[pri:0, instance:testcases.TC002_Destination_WithSpecificCity@9d5509a]" started-at="2023-06-26T00:26:03 MYT" name="destinationWithSpecificCity" finished-at="2023-06-26T00:26:06 MYT" duration-ms="2804" status="PASS">
          <reporter-output>
          </reporter-output>
        </test-method> <!-- destinationWithSpecificCity -->
        <test-method is-config="true" signature="tearDown()[pri:0, instance:testcases.TC002_Destination_WithSpecificCity@9d5509a]" started-at="2023-06-26T00:26:06 MYT" name="tearDown" finished-at="2023-06-26T00:26:06 MYT" duration-ms="291" status="PASS">
          <reporter-output>
          </reporter-output>
        </test-method> <!-- tearDown -->
      </class> <!-- testcases.TC002_Destination_WithSpecificCity -->
    </test> <!-- Test -->
  </suite> <!-- Suite -->
</testng-results>
