<?xml version="1.0" encoding="UTF-8"?>
<!-- Generated by org.testng.reporters.JUnitXMLReporter -->
<testsuite ignored="0" hostname="DESKTOP-U9QRA71" failures="2" tests="15" name="Test" time="173.287" errors="0" timestamp="2023-06-26T00:28:41 MYT">
  <testcase classname="testcases.TC001_Hotels_Navigate_To_Hotel_Search" name="navigateToHotelSearch" time="0.8"/>
  <testcase classname="testcases.TC002_Destination_WithSpecificCity" name="destinationWithSpecificCity" time="2.804"/>
  <testcase classname="testcases.TC003_Destination_WithPopularCity" name="destinationWithPopularCity" time="1.417"/>
  <testcase classname="testcases.TC004_CheckIn_PastDays" name="checkInPastDays" time="2.431"/>
  <testcase classname="testcases.TC005_CheckIn_CheckOut_ValidDays" name="checkInCheckOutValidDays" time="3.253"/>
  <testcase classname="testcases.TC006_CheckIn_CheckOut_SameDay" name="checkInCheckOutSameDay" time="3.618"/>
  <testcase classname="testcases.TC007_CheckOut_LessThan_CheckIn_Date" name="checkOutLessThanCheckIn" time="2.875"/>
  <testcase classname="testcases.TC008_GuestAndRooms_Max40Guests_5Room" name="guestsAndRoomsMax40Guests5Rooms" time="9.057"/>
  <testcase classname="testcases.TC009_GuestsAndRooms_Max40Guests_Max10Rooms" name="guestsAndRoomsMax40Guests10Rooms" time="12.658"/>
  <testcase classname="testcases.TC010_GuestsAndRooms_Minimum_1_Adult_1_Room" name="guestsAndRoomsMin1Adult1Room" time="3.481">
    <failure type="java.lang.AssertionError" message="expected [1] but found [2]">
      <![CDATA[java.lang.AssertionError: expected [1] but found [2]
at testcases.TC010_GuestsAndRooms_Minimum_1_Adult_1_Room.guestsAndRoomsMin1Adult1Room(TC010_GuestsAndRooms_Minimum_1_Adult_1_Room.java:42)
at java.base/java.util.ArrayList.forEach(ArrayList.java:1511)
at java.base/java.util.concurrent.FutureTask.run(FutureTask.java:264)
at java.base/java.util.concurrent.ThreadPoolExecutor.runWorker(ThreadPoolExecutor.java:1136)
at java.base/java.util.concurrent.ThreadPoolExecutor$Worker.run(ThreadPoolExecutor.java:635)
at java.base/java.lang.Thread.run(Thread.java:833)
... Removed 24 stack frames]]>
    </failure>
  </testcase> <!-- guestsAndRoomsMin1Adult1Room -->
  <testcase classname="testcases.TC011_GuestsAndRooms_Add_Delete_Rooms" name="addDeleteGuestsAndRooms" time="5.049"/>
  <testcase classname="testcases.TC012_Search_WithFreeCancellation" name="login" time="4.06"/>
  <testcase classname="testcases.TC013_Search_ComparisonWithOtherWebsites" name="login" time="4.685">
    <failure type="org.openqa.selenium.WebDriverException" message="unknown error: cannot determine loading status
from no such window
  (Session info: chrome=114.0.5735.134)
Build info: version: &amp;apos;4.9.0&amp;apos;, revision: &amp;apos;d7057100a6&amp;apos;
System info: os.name: &amp;apos;Windows 11&amp;apos;, os.arch: &amp;apos;amd64&amp;apos;, os.version: &amp;apos;10.0&amp;apos;, java.version: &amp;apos;17.0.6&amp;apos;
Driver info: org.openqa.selenium.chrome.ChromeDriver
Command: [34e56427448e9e30113ccb1d32c53b0b, clickElement {id=DABAB7B31EC2017619E359E4AFB72FC4_element_141}]
Capabilities {acceptInsecureCerts: false, browserName: chrome, browserVersion: 114.0.5735.134, chrome: {chromedriverVersion: 114.0.5735.90 (386bc09e8f4f..., userDataDir: C:\Users\steph\AppData\Loca...}, goog:chromeOptions: {debuggerAddress: localhost:63092}, networkConnectionEnabled: false, pageLoadStrategy: normal, platformName: WINDOWS, proxy: Proxy(), se:cdp: ws://localhost:63092/devtoo..., se:cdpVersion: 114.0.5735.134, setWindowRect: true, strictFileInteractability: false, timeouts: {implicit: 0, pageLoad: 300000, script: 30000}, unhandledPromptBehavior: dismiss and notify, webauthn:extension:credBlob: true, webauthn:extension:largeBlob: true, webauthn:extension:minPinLength: true, webauthn:extension:prf: true, webauthn:virtualAuthenticators: true}
Element: [[ChromeDriver: chrome on WINDOWS (34e56427448e9e30113ccb1d32c53b0b)] -&amp;gt; xpath: //button[@type=&amp;apos;submit&amp;apos;]]
Session ID: 34e56427448e9e30113ccb1d32c53b0b">
      <![CDATA[org.openqa.selenium.WebDriverException: unknown error: cannot determine loading status
from no such window
  (Session info: chrome=114.0.5735.134)
Build info: version: '4.9.0', revision: 'd7057100a6'
System info: os.name: 'Windows 11', os.arch: 'amd64', os.version: '10.0', java.version: '17.0.6'
Driver info: org.openqa.selenium.chrome.ChromeDriver
Command: [34e56427448e9e30113ccb1d32c53b0b, clickElement {id=DABAB7B31EC2017619E359E4AFB72FC4_element_141}]
Capabilities {acceptInsecureCerts: false, browserName: chrome, browserVersion: 114.0.5735.134, chrome: {chromedriverVersion: 114.0.5735.90 (386bc09e8f4f..., userDataDir: C:\Users\steph\AppData\Loca...}, goog:chromeOptions: {debuggerAddress: localhost:63092}, networkConnectionEnabled: false, pageLoadStrategy: normal, platformName: WINDOWS, proxy: Proxy(), se:cdp: ws://localhost:63092/devtoo..., se:cdpVersion: 114.0.5735.134, setWindowRect: true, strictFileInteractability: false, timeouts: {implicit: 0, pageLoad: 300000, script: 30000}, unhandledPromptBehavior: dismiss and notify, webauthn:extension:credBlob: true, webauthn:extension:largeBlob: true, webauthn:extension:minPinLength: true, webauthn:extension:prf: true, webauthn:virtualAuthenticators: true}
Element: [[ChromeDriver: chrome on WINDOWS (34e56427448e9e30113ccb1d32c53b0b)] -> xpath: //button[@type='submit']]
Session ID: 34e56427448e9e30113ccb1d32c53b0b
at org.openqa.selenium.remote.codec.w3c.W3CHttpResponseCodec.createException(W3CHttpResponseCodec.java:200)
at org.openqa.selenium.remote.codec.w3c.W3CHttpResponseCodec.decode(W3CHttpResponseCodec.java:133)
at org.openqa.selenium.remote.codec.w3c.W3CHttpResponseCodec.decode(W3CHttpResponseCodec.java:53)
at org.openqa.selenium.remote.HttpCommandExecutor.execute(HttpCommandExecutor.java:193)
at org.openqa.selenium.remote.service.DriverCommandExecutor.invokeExecute(DriverCommandExecutor.java:183)
at org.openqa.selenium.remote.service.DriverCommandExecutor.execute(DriverCommandExecutor.java:158)
at org.openqa.selenium.remote.RemoteWebDriver.execute(RemoteWebDriver.java:543)
at org.openqa.selenium.remote.RemoteWebElement.execute(RemoteWebElement.java:257)
at org.openqa.selenium.remote.RemoteWebElement.click(RemoteWebElement.java:78)
at org.openqa.selenium.support.pagefactory.internal.LocatingElementHandler.invoke(LocatingElementHandler.java:52)
at jdk.proxy2/jdk.proxy2.$Proxy19.click(Unknown Source)
at pages.HotelSearchPage.search(HotelSearchPage.java:323)
at testcases.TC013_Search_ComparisonWithOtherWebsites.login(TC013_Search_ComparisonWithOtherWebsites.java:45)
at java.base/java.util.ArrayList.forEach(ArrayList.java:1511)
at java.base/java.util.concurrent.FutureTask.run(FutureTask.java:264)
at java.base/java.util.concurrent.ThreadPoolExecutor.runWorker(ThreadPoolExecutor.java:1136)
at java.base/java.util.concurrent.ThreadPoolExecutor$Worker.run(ThreadPoolExecutor.java:635)
at java.base/java.lang.Thread.run(Thread.java:833)
... Removed 25 stack frames]]>
    </failure>
  </testcase> <!-- login -->
  <testcase classname="testcases.TC014_Search_ComparisonWithOutOtherWebsites2" name="login" time="4.252"/>
  <testcase classname="testcases.TC015_Search_All_Input_Values" name="searchWith_Empty_Destination_CheckIn_CheckOut" time="13.562"/>
</testsuite> <!-- Test -->
